<?xml version="1.0" encoding="UTF-8"?>
<!-- Generated by org.testng.reporters.JUnitReportReporter -->
<testsuite hostname="lpbr208-kmsudeep" failures="0" tests="1" name="Spotify.Oauth2.Playlists" time="15.733" errors="0" timestamp="21 Jan 2025 08:31:39 GMT" skipped="0">
  <testcase classname="Spotify.Oauth2.Playlists" name="CreatePlaylist" time="15.733"/>
</testsuite> <!-- Spotify.Oauth2.Playlists -->
